NXT_APP/app/build/outputs/logs/manifest-merger-debug-report.txt
-- Merging decision tree log ---
manifest
ADDED from src/main/AndroidManifest.xml:2:1-28:12
	package
		ADDED from src/main/AndroidManifest.xml:3:7-38
		INJECTED from src/main/AndroidManifest.xml
		INJECTED from src/main/AndroidManifest.xml
	android:versionName
		ADDED from src/main/AndroidManifest.xml:5:7-32
		INJECTED from src/main/AndroidManifest.xml
		INJECTED from src/main/AndroidManifest.xml
	android:versionCode
		ADDED from src/main/AndroidManifest.xml:4:7-30
		INJECTED from src/main/AndroidManifest.xml
		INJECTED from src/main/AndroidManifest.xml
	xmlns:android
		ADDED from src/main/AndroidManifest.xml:2:11-69
application
ADDED from src/main/AndroidManifest.xml:7:5-23:16
	android:label
		ADDED from src/main/AndroidManifest.xml:7:48-80
	android:icon
		ADDED from src/main/AndroidManifest.xml:7:18-47
	android:name
		ADDED from src/main/AndroidManifest.xml:7:81-111
activity#net.contentcube.robot.MainActivity
ADDED from src/main/AndroidManifest.xml:8:9-15:20
	android:screenOrientation
		ADDED from src/main/AndroidManifest.xml:10:19-55
	android:label
		ADDED from src/main/AndroidManifest.xml:9:19-51
	android:name
		ADDED from src/main/AndroidManifest.xml:8:19-47
intent-filter#android.intent.action.MAIN+android.intent.category.LAUNCHER
ADDED from src/main/AndroidManifest.xml:11:13-14:29
action#android.intent.action.MAIN
ADDED from src/main/AndroidManifest.xml:12:17-69
	android:name
		ADDED from src/main/AndroidManifest.xml:12:25-66
category#android.intent.category.LAUNCHER
ADDED from src/main/AndroidManifest.xml:13:17-77
	android:name
		ADDED from src/main/AndroidManifest.xml:13:27-74
activity#net.contentcube.robot.ControlActivity
ADDED from src/main/AndroidManifest.xml:17:9-18:52
	android:screenOrientation
		ADDED from src/main/AndroidManifest.xml:18:13-49
	android:name
		ADDED from src/main/AndroidManifest.xml:17:19-50
activity#net.contentcube.robot.ServiceActivity
ADDED from src/main/AndroidManifest.xml:19:9-20:52
	android:screenOrientation
		ADDED from src/main/AndroidManifest.xml:20:13-49
	android:name
		ADDED from src/main/AndroidManifest.xml:19:19-50
service#net.contentcube.robot.webcontrol.WebControllerService
ADDED from src/main/AndroidManifest.xml:22:9-68
	android:name
		ADDED from src/main/AndroidManifest.xml:22:18-65
uses-permission#android.permission.BLUETOOTH
ADDED from src/main/AndroidManifest.xml:25:2-65
	android:name
		ADDED from src/main/AndroidManifest.xml:25:19-62
uses-permission#android.permission.BLUETOOTH_ADMIN
ADDED from src/main/AndroidManifest.xml:26:2-71
	android:name
		ADDED from src/main/AndroidManifest.xml:26:19-68
uses-permission#android.permission.INTERNET
ADDED from src/main/AndroidManifest.xml:27:2-64
	android:name
		ADDED from src/main/AndroidManifest.xml:27:19-61